<?xml version="1.0" encoding="UTF-8"?>
<!-- Generated by org.testng.reporters.JUnitReportReporter -->
<testsuite hostname="LAPTOP-8ME66VV0" failures="0" tests="3" name="session4_6.LibraryTest" time="5.628" errors="0" timestamp="2026-04-21T08:45:14 IST" skipped="0">
  <testcase classname="session4_6.LibraryTest" name="addBook" time="5.197"/>
  <testcase classname="session4_6.LibraryTest" name="addBook" time="0.225"/>
  <testcase classname="session4_6.LibraryTest" name="addBook" time="0.206"/>
</testsuite> <!-- session4_6.LibraryTest -->
