<?xml version="1.0" encoding="UTF-8"?>
<testng-results ignored="0" total="3" passed="3" failed="0" skipped="0">
  <reporter-output>
  </reporter-output>
  <suite started-at="2026-04-21T08:45:07 IST" name="Default suite" finished-at="2026-04-21T08:45:13 IST" duration-ms="5765">
    <groups>
    </groups>
    <test started-at="2026-04-21T08:45:07 IST" name="Default test" finished-at="2026-04-21T08:45:13 IST" duration-ms="5765">
      <class name="session4_6.LibraryTest">
        <test-method is-config="true" signature="beforeTest()[pri:0, instance:session4_6.LibraryTest@6989da5e]" started-at="2026-04-21T08:45:07 IST" name="beforeTest" finished-at="2026-04-21T08:45:07 IST" duration-ms="25" status="PASS">
          <reporter-output>
          </reporter-output>
        </test-method> <!-- beforeTest -->
        <test-method is-config="true" signature="beforeMethod()[pri:0, instance:session4_6.LibraryTest@6989da5e]" started-at="2026-04-21T08:45:08 IST" name="beforeMethod" finished-at="2026-04-21T08:45:08 IST" duration-ms="851" status="PASS">
          <reporter-output>
          </reporter-output>
        </test-method> <!-- beforeMethod -->
        <test-method signature="addBook(java.lang.String,java.lang.String)[pri:0, instance:session4_6.LibraryTest@6989da5e]" started-at="2026-04-21T08:45:08 IST" name="addBook" data-provider="BookData" finished-at="2026-04-21T08:45:13 IST" duration-ms="4346" status="PASS">
          <params>
            <param index="0">
              <value>
                <![CDATA[ISN]]>
              </value>
            </param>
            <param index="1">
              <value>
                <![CDATA[1173]]>
              </value>
            </param>
          </params>
          <reporter-output>
          </reporter-output>
        </test-method> <!-- addBook -->
        <test-method is-config="true" signature="beforeMethod()[pri:0, instance:session4_6.LibraryTest@6989da5e]" started-at="2026-04-21T08:45:13 IST" name="beforeMethod" finished-at="2026-04-21T08:45:13 IST" duration-ms="1" status="PASS">
          <reporter-output>
          </reporter-output>
        </test-method> <!-- beforeMethod -->
        <test-method signature="addBook(java.lang.String,java.lang.String)[pri:0, instance:session4_6.LibraryTest@6989da5e]" started-at="2026-04-21T08:45:13 IST" name="addBook" data-provider="BookData" finished-at="2026-04-21T08:45:13 IST" duration-ms="224" status="PASS">
          <params>
            <param index="0">
              <value>
                <![CDATA[JSA]]>
              </value>
            </param>
            <param index="1">
              <value>
                <![CDATA[7832]]>
              </value>
            </param>
          </params>
          <reporter-output>
          </reporter-output>
        </test-method> <!-- addBook -->
        <test-method is-config="true" signature="beforeMethod()[pri:0, instance:session4_6.LibraryTest@6989da5e]" started-at="2026-04-21T08:45:13 IST" name="beforeMethod" finished-at="2026-04-21T08:45:13 IST" duration-ms="1" status="PASS">
          <reporter-output>
          </reporter-output>
        </test-method> <!-- beforeMethod -->
        <test-method signature="addBook(java.lang.String,java.lang.String)[pri:0, instance:session4_6.LibraryTest@6989da5e]" started-at="2026-04-21T08:45:13 IST" name="addBook" data-provider="BookData" finished-at="2026-04-21T08:45:13 IST" duration-ms="205" status="PASS">
          <params>
            <param index="0">
              <value>
                <![CDATA[ANC]]>
              </value>
            </param>
            <param index="1">
              <value>
                <![CDATA[9822]]>
              </value>
            </param>
          </params>
          <reporter-output>
          </reporter-output>
        </test-method> <!-- addBook -->
      </class> <!-- session4_6.LibraryTest -->
    </test> <!-- Default test -->
  </suite> <!-- Default suite -->
</testng-results>
