<?xml version="1.0" encoding="UTF-8"?>
<testng-results ignored="0" total="1" passed="1" failed="0" skipped="0">
  <reporter-output>
  </reporter-output>
  <suite started-at="2026-04-22T05:15:55 IST" name="Default suite" finished-at="2026-04-22T05:16:02 IST" duration-ms="7512">
    <groups>
    </groups>
    <test started-at="2026-04-22T05:15:55 IST" name="Default test" finished-at="2026-04-22T05:16:02 IST" duration-ms="7512">
      <class name="session_10_11.MapClassApiTest">
        <test-method signature="addPlace()[pri:0, instance:session_10_11.MapClassApiTest@31304f14]" started-at="2026-04-22T05:15:55 IST" name="addPlace" finished-at="2026-04-22T05:16:02 IST" duration-ms="7366" status="PASS">
          <reporter-output>
          </reporter-output>
        </test-method> <!-- addPlace -->
      </class> <!-- session_10_11.MapClassApiTest -->
    </test> <!-- Default test -->
  </suite> <!-- Default suite -->
</testng-results>
