<?xml version="1.0" encoding="UTF-8"?>
<!-- Generated by org.testng.reporters.JUnitXMLReporter -->
<testsuite ignored="0" hostname="LAPTOP-8ME66VV0" failures="0" tests="3" name="Default test" time="5.765" errors="0" timestamp="2026-04-21T08:45:13 IST">
  <testcase classname="session4_6.LibraryTest" name="addBook" time="4.346"/>
  <testcase classname="session4_6.LibraryTest" name="addBook" time="0.224"/>
  <testcase classname="session4_6.LibraryTest" name="addBook" time="0.205"/>
</testsuite> <!-- Default test -->
